<?xml version="1.0" encoding="UTF-8"?>
<!-- Generated by org.testng.reporters.JUnitReportReporter -->
<testsuite skipped="0" hostname="ramzi-pc" name="TipTest.GestionFacture" tests="1" failures="0" timestamp="2020-08-18T14:15:59 CET" time="101.856" errors="0">
  <testcase name="facture" time="101.856" classname="TipTest.GestionFacture"/>
  <system-out/>
</testsuite> <!-- TipTest.GestionFacture -->
