<?xml version="1.0" encoding="UTF-8"?>
<!-- Generated by org.testng.reporters.JUnitReportReporter -->
<testsuite hostname="IMEX" failures="0" tests="9" name="com.invoice_portal.testcase.RechercheFacture" time="0.007" errors="1" timestamp="2021-09-15T16:26:55 CET" skipped="8">
  <testcase classname="com.invoice_portal.testcase.RechercheFacture" name="SetUp" time="0.007">
    <error type="java.lang.NullPointerException">
      <![CDATA[java.lang.NullPointerException
at com.invoice_portal.testcase.RechercheFacture.SetUp(RechercheFacture.java:38)
at java.base/jdk.internal.reflect.NativeMethodAccessorImpl.invoke0(Native Method)
at java.base/jdk.internal.reflect.NativeMethodAccessorImpl.invoke(NativeMethodAccessorImpl.java:62)
at java.base/jdk.internal.reflect.DelegatingMethodAccessorImpl.invoke(DelegatingMethodAccessorImpl.java:43)
at java.base/java.lang.reflect.Method.invoke(Method.java:566)
at org.testng.internal.MethodInvocationHelper.invokeMethod(MethodInvocationHelper.java:132)
at org.testng.internal.MethodInvocationHelper.invokeMethodConsideringTimeout(MethodInvocationHelper.java:61)
at org.testng.internal.ConfigInvoker.invokeConfigurationMethod(ConfigInvoker.java:366)
at org.testng.internal.ConfigInvoker.invokeConfigurations(ConfigInvoker.java:320)
at org.testng.internal.TestInvoker.runConfigMethods(TestInvoker.java:701)
at org.testng.internal.TestInvoker.invokeMethod(TestInvoker.java:527)
at org.testng.internal.TestInvoker.invokeTestMethod(TestInvoker.java:174)
at org.testng.internal.MethodRunner.runInSequence(MethodRunner.java:46)
at org.testng.internal.TestInvoker$MethodInvocationAgent.invoke(TestInvoker.java:822)
at org.testng.internal.TestInvoker.invokeTestMethods(TestInvoker.java:147)
at org.testng.internal.TestMethodWorker.invokeTestMethods(TestMethodWorker.java:146)
at org.testng.internal.TestMethodWorker.run(TestMethodWorker.java:128)
at java.base/java.util.ArrayList.forEach(ArrayList.java:1541)
at org.testng.TestRunner.privateRun(TestRunner.java:764)
at org.testng.TestRunner.run(TestRunner.java:585)
at org.testng.SuiteRunner.runTest(SuiteRunner.java:384)
at org.testng.SuiteRunner.runSequentially(SuiteRunner.java:378)
at org.testng.SuiteRunner.privateRun(SuiteRunner.java:337)
at org.testng.SuiteRunner.run(SuiteRunner.java:286)
at org.testng.SuiteRunnerWorker.runSuite(SuiteRunnerWorker.java:53)
at org.testng.SuiteRunnerWorker.run(SuiteRunnerWorker.java:96)
at org.testng.TestNG.runSuitesSequentially(TestNG.java:1218)
at org.testng.TestNG.runSuitesLocally(TestNG.java:1140)
at org.testng.TestNG.runSuites(TestNG.java:1069)
at org.testng.TestNG.run(TestNG.java:1037)
at org.testng.remote.AbstractRemoteTestNG.run(AbstractRemoteTestNG.java:115)
at org.testng.remote.RemoteTestNG.initAndRun(RemoteTestNG.java:251)
at org.testng.remote.RemoteTestNG.main(RemoteTestNG.java:77)
]]>
    </error>
  </testcase> <!-- SetUp -->
  <system-out/>
  <testcase classname="com.invoice_portal.testcase.RechercheFacture" name="Click_Bouton_Detail" time="0.000">
    <skipped/>
  </testcase> <!-- Click_Bouton_Detail -->
  <system-out/>
  <testcase classname="com.invoice_portal.testcase.RechercheFacture" name="Click_Bouton_Consulter" time="0.000">
    <skipped/>
  </testcase> <!-- Click_Bouton_Consulter -->
  <system-out/>
  <testcase classname="com.invoice_portal.testcase.RechercheFacture" name="Click_Bouton_Telecharger" time="0.000">
    <skipped/>
  </testcase> <!-- Click_Bouton_Telecharger -->
  <system-out/>
  <testcase classname="com.invoice_portal.testcase.RechercheFacture" name="Click_Bouton_Envoyer_Par_Email" time="0.000">
    <skipped/>
  </testcase> <!-- Click_Bouton_Envoyer_Par_Email -->
  <system-out/>
  <testcase classname="com.invoice_portal.testcase.RechercheFacture" name="Click_Bouton_Exporter_Vers_ExcelWordXml" time="0.000">
    <skipped/>
  </testcase> <!-- Click_Bouton_Exporter_Vers_ExcelWordXml -->
  <system-out/>
  <testcase classname="com.invoice_portal.testcase.RechercheFacture" name="Click_Boutton_Supprimer" time="0.000">
    <skipped/>
  </testcase> <!-- Click_Boutton_Supprimer -->
  <system-out/>
  <testcase classname="com.invoice_portal.testcase.RechercheFacture" name="Click_Bouton_Duplication">
    <skipped/>
  </testcase> <!-- Click_Bouton_Duplication -->
  <system-out/>
  <testcase classname="com.invoice_portal.testcase.RechercheFacture" name="Click_Boutton_Modifier">
    <skipped/>
  </testcase> <!-- Click_Boutton_Modifier -->
  <system-out/>
</testsuite> <!-- com.invoice_portal.testcase.RechercheFacture -->
