<?xml version="1.0" encoding="UTF-8"?>
<!-- Generated by org.testng.reporters.JUnitReportReporter -->
<testsuite skipped="0" hostname="ramzi-pc" name="TipTest.Authentification" tests="1" failures="0" timestamp="2020-08-19T14:00:53 CET" time="62.972" errors="0">
  <testcase name="authentification" time="62.972" classname="TipTest.Authentification"/>
  <system-out/>
</testsuite> <!-- TipTest.Authentification -->
