<?xml version="1.0" encoding="UTF-8"?>
<!-- Generated by org.testng.reporters.JUnitReportReporter -->
<testsuite skipped="0" hostname="ramzi-pc" name="TipTest.RechercheFacture" tests="1" failures="0" timestamp="2020-08-19T14:58:17 CET" time="107.627" errors="0">
  <testcase name="facture" time="107.627" classname="TipTest.RechercheFacture"/>
  <system-out/>
</testsuite> <!-- TipTest.RechercheFacture -->
